[debug] [2021-12-30T17:10:25.523Z] ----------------------------------------------------------------------
[debug] [2021-12-30T17:10:25.534Z] Command:       C:\Program Files\nodejs\node.exe C:\Users\salim\AppData\Roaming\npm\node_modules\firebase-tools\lib\bin\firebase.js init
[debug] [2021-12-30T17:10:25.535Z] CLI Version:   9.3.0
[debug] [2021-12-30T17:10:25.535Z] Platform:      win32
[debug] [2021-12-30T17:10:25.535Z] Node Version:  v12.18.3
[debug] [2021-12-30T17:10:25.538Z] Time:          Thu Dec 30 2021 22:40:25 GMT+0530 (India Standard Time)
[debug] [2021-12-30T17:10:25.538Z] ----------------------------------------------------------------------
[debug] [2021-12-30T17:10:25.539Z] 
[debug] [2021-12-30T17:10:25.570Z] > command requires scopes: ["email","openid","https://www.googleapis.com/auth/cloudplatformprojects.readonly","https://www.googleapis.com/auth/firebase","https://www.googleapis.com/auth/cloud-platform"]
[debug] [2021-12-30T17:10:25.585Z] > authorizing via signed-in user
[info] 
     ######## #### ########  ######## ########     ###     ######  ########
     ##        ##  ##     ## ##       ##     ##  ##   ##  ##       ##
     ######    ##  ########  ######   ########  #########  ######  ######
     ##        ##  ##    ##  ##       ##     ## ##     ##       ## ##
     ##       #### ##     ## ######## ########  ##     ##  ######  ########

You're about to initialize a Firebase project in this directory:

  E:\husain\Projects\Recipe-Book-Frontend\Recipe-Shopping

[info] 
=== Project Setup
[info] 
[info] First, let's associate this project directory with a Firebase project.
[info] You can create multiple project aliases by running firebase use --add, 
[info] but for now we'll just set up a default project.
[info] 
[debug] [2021-12-30T17:11:11.037Z] >>> [apiv2][query] GET https://firebase.googleapis.com/v1beta1/projects pageSize=100
[debug] [2021-12-30T17:11:11.829Z] <<< [apiv2][status] GET https://firebase.googleapis.com/v1beta1/projects 200
[debug] [2021-12-30T17:11:11.829Z] <<< [apiv2][body] GET https://firebase.googleapis.com/v1beta1/projects [omitted]
[info] i  Using project ng-practice-bd3b8 (Recipe-Book) 
[info] 
=== Hosting Setup
[info] 
[info] Your public directory is the folder (relative to your project directory) that
[info] will contain Hosting assets to be uploaded with firebase deploy. If you
[info] have a build process for your assets, use your build's output directory.
[info] 
